 2022-04-07 00:29:57,625 : DEBUG : Utility.baseClass : This is debug statement
 2022-04-07 00:29:57,625 : INFO : Utility.baseClass : This is info statement
 2022-04-07 00:29:57,626 : WARNING : Utility.baseClass : This is warning statement
 2022-04-07 00:29:57,626 : ERROR : Utility.baseClass : This is error message
 2022-04-07 00:29:57,626 : CRITICAL : Utility.baseClass : This is crtical message
 2022-04-07 00:29:57,630 : DEBUG : Utility.baseClass : This is debug statement
 2022-04-07 00:29:57,630 : DEBUG : Utility.baseClass : This is debug statement
 2022-04-07 00:29:57,630 : INFO : Utility.baseClass : This is info statement
 2022-04-07 00:29:57,630 : INFO : Utility.baseClass : This is info statement
 2022-04-07 00:29:57,630 : WARNING : Utility.baseClass : This is warning statement
 2022-04-07 00:29:57,630 : WARNING : Utility.baseClass : This is warning statement
 2022-04-07 00:29:57,636 : ERROR : Utility.baseClass : This is error message
 2022-04-07 00:29:57,636 : ERROR : Utility.baseClass : This is error message
 2022-04-07 00:29:57,636 : CRITICAL : Utility.baseClass : This is crtical message
 2022-04-07 00:29:57,636 : CRITICAL : Utility.baseClass : This is crtical message
 2022-04-07 00:29:57,644 : INFO : Utility.baseClass : ProtoCommerce
 2022-04-07 00:29:57,644 : INFO : Utility.baseClass : ProtoCommerce
 2022-04-07 00:41:39,825 : DEBUG : Utility.baseClass : This is debug statement
 2022-04-07 00:41:39,826 : INFO : Utility.baseClass : This is info statement
 2022-04-07 00:41:39,826 : WARNING : Utility.baseClass : This is warning statement
 2022-04-07 00:41:39,826 : ERROR : Utility.baseClass : This is error message
 2022-04-07 00:41:39,826 : CRITICAL : Utility.baseClass : This is crtical message
 2022-04-07 00:41:39,836 : DEBUG : Utility.baseClass : This is debug statement
 2022-04-07 00:41:39,836 : DEBUG : Utility.baseClass : This is debug statement
 2022-04-07 00:41:39,836 : INFO : Utility.baseClass : This is info statement
 2022-04-07 00:41:39,836 : INFO : Utility.baseClass : This is info statement
 2022-04-07 00:41:39,837 : WARNING : Utility.baseClass : This is warning statement
 2022-04-07 00:41:39,837 : WARNING : Utility.baseClass : This is warning statement
 2022-04-07 00:41:39,837 : ERROR : Utility.baseClass : This is error message
 2022-04-07 00:41:39,837 : ERROR : Utility.baseClass : This is error message
 2022-04-07 00:41:39,837 : CRITICAL : Utility.baseClass : This is crtical message
 2022-04-07 00:41:39,837 : CRITICAL : Utility.baseClass : This is crtical message
 2022-04-07 00:41:39,842 : INFO : Utility.baseClass : ProtoCommerce
 2022-04-07 00:41:39,842 : INFO : Utility.baseClass : ProtoCommerce
 2022-04-07 00:42:12,331 : DEBUG : Utility.baseClass : This is debug statement
 2022-04-07 00:42:12,332 : INFO : Utility.baseClass : This is info statement
 2022-04-07 00:42:12,332 : WARNING : Utility.baseClass : This is warning statement
 2022-04-07 00:42:12,332 : ERROR : Utility.baseClass : This is error message
 2022-04-07 00:42:12,332 : CRITICAL : Utility.baseClass : This is crtical message
 2022-04-07 00:42:12,336 : DEBUG : Utility.baseClass : This is debug statement
 2022-04-07 00:42:12,336 : DEBUG : Utility.baseClass : This is debug statement
 2022-04-07 00:42:12,336 : INFO : Utility.baseClass : This is info statement
 2022-04-07 00:42:12,336 : INFO : Utility.baseClass : This is info statement
 2022-04-07 00:42:12,336 : WARNING : Utility.baseClass : This is warning statement
 2022-04-07 00:42:12,336 : WARNING : Utility.baseClass : This is warning statement
 2022-04-07 00:42:12,336 : ERROR : Utility.baseClass : This is error message
 2022-04-07 00:42:12,336 : ERROR : Utility.baseClass : This is error message
 2022-04-07 00:42:12,336 : CRITICAL : Utility.baseClass : This is crtical message
 2022-04-07 00:42:12,336 : CRITICAL : Utility.baseClass : This is crtical message
 2022-04-07 00:42:12,341 : INFO : Utility.baseClass : ProtoCommerce
 2022-04-07 00:42:12,341 : INFO : Utility.baseClass : ProtoCommerce
 2022-04-07 00:42:33,131 : DEBUG : Utility.baseClass : This is debug statement
 2022-04-07 00:42:33,131 : INFO : Utility.baseClass : This is info statement
 2022-04-07 00:42:33,132 : WARNING : Utility.baseClass : This is warning statement
 2022-04-07 00:42:33,132 : ERROR : Utility.baseClass : This is error message
 2022-04-07 00:42:33,132 : CRITICAL : Utility.baseClass : This is crtical message
 2022-04-07 00:42:33,142 : DEBUG : Utility.baseClass : This is debug statement
 2022-04-07 00:42:33,142 : DEBUG : Utility.baseClass : This is debug statement
 2022-04-07 00:42:33,143 : INFO : Utility.baseClass : This is info statement
 2022-04-07 00:42:33,143 : INFO : Utility.baseClass : This is info statement
 2022-04-07 00:42:33,143 : WARNING : Utility.baseClass : This is warning statement
 2022-04-07 00:42:33,143 : WARNING : Utility.baseClass : This is warning statement
 2022-04-07 00:42:33,143 : ERROR : Utility.baseClass : This is error message
 2022-04-07 00:42:33,143 : ERROR : Utility.baseClass : This is error message
 2022-04-07 00:42:33,143 : CRITICAL : Utility.baseClass : This is crtical message
 2022-04-07 00:42:33,143 : CRITICAL : Utility.baseClass : This is crtical message
 2022-04-07 00:42:33,149 : INFO : Utility.baseClass : ProtoCommerce
 2022-04-07 00:42:33,149 : INFO : Utility.baseClass : ProtoCommerce
 2022-04-08 23:55:19,556 : DEBUG : Utility.baseClass : This is debug statement
 2022-04-08 23:55:19,591 : INFO : Utility.baseClass : This is info statement
 2022-04-08 23:55:19,591 : WARNING : Utility.baseClass : This is warning statement
 2022-04-08 23:55:19,591 : ERROR : Utility.baseClass : This is error message
 2022-04-08 23:55:19,591 : CRITICAL : Utility.baseClass : This is crtical message
 2022-04-08 23:55:53,109 : DEBUG : Utility.baseClass : This is debug statement
 2022-04-08 23:55:53,109 : INFO : Utility.baseClass : This is info statement
 2022-04-08 23:55:53,109 : WARNING : Utility.baseClass : This is warning statement
 2022-04-08 23:55:53,109 : ERROR : Utility.baseClass : This is error message
 2022-04-08 23:55:53,109 : CRITICAL : Utility.baseClass : This is crtical message
 2022-04-08 23:55:53,109 : DEBUG : Utility.baseClass : This is debug statement
 2022-04-08 23:55:53,109 : DEBUG : Utility.baseClass : This is debug statement
 2022-04-08 23:55:53,109 : INFO : Utility.baseClass : This is info statement
 2022-04-08 23:55:53,109 : INFO : Utility.baseClass : This is info statement
 2022-04-08 23:55:53,109 : WARNING : Utility.baseClass : This is warning statement
 2022-04-08 23:55:53,109 : WARNING : Utility.baseClass : This is warning statement
 2022-04-08 23:55:53,109 : ERROR : Utility.baseClass : This is error message
 2022-04-08 23:55:53,109 : ERROR : Utility.baseClass : This is error message
 2022-04-08 23:55:53,109 : CRITICAL : Utility.baseClass : This is crtical message
 2022-04-08 23:55:53,109 : CRITICAL : Utility.baseClass : This is crtical message
 2022-04-08 23:55:53,156 : INFO : Utility.baseClass : ProtoCommerce
 2022-04-08 23:55:53,156 : INFO : Utility.baseClass : ProtoCommerce
 2022-04-08 23:56:48,347 : DEBUG : Utility.baseClass : This is debug statement
 2022-04-08 23:56:48,348 : INFO : Utility.baseClass : This is info statement
 2022-04-08 23:56:48,349 : WARNING : Utility.baseClass : This is warning statement
 2022-04-08 23:56:48,349 : ERROR : Utility.baseClass : This is error message
 2022-04-08 23:56:48,349 : CRITICAL : Utility.baseClass : This is crtical message
 2022-04-08 23:56:48,355 : DEBUG : Utility.baseClass : This is debug statement
 2022-04-08 23:56:48,355 : DEBUG : Utility.baseClass : This is debug statement
 2022-04-08 23:56:48,355 : INFO : Utility.baseClass : This is info statement
 2022-04-08 23:56:48,355 : INFO : Utility.baseClass : This is info statement
 2022-04-08 23:56:48,355 : WARNING : Utility.baseClass : This is warning statement
 2022-04-08 23:56:48,355 : WARNING : Utility.baseClass : This is warning statement
 2022-04-08 23:56:48,356 : ERROR : Utility.baseClass : This is error message
 2022-04-08 23:56:48,356 : ERROR : Utility.baseClass : This is error message
 2022-04-08 23:56:48,356 : CRITICAL : Utility.baseClass : This is crtical message
 2022-04-08 23:56:48,356 : CRITICAL : Utility.baseClass : This is crtical message
 2022-04-08 23:56:48,369 : INFO : Utility.baseClass : ProtoCommerce
 2022-04-08 23:56:48,369 : INFO : Utility.baseClass : ProtoCommerce
 2022-04-08 23:58:07,466 : DEBUG : Utility.baseClass : This is debug statement
 2022-04-08 23:58:07,466 : INFO : Utility.baseClass : This is info statement
 2022-04-08 23:58:07,466 : WARNING : Utility.baseClass : This is warning statement
 2022-04-08 23:58:07,466 : ERROR : Utility.baseClass : This is error message
 2022-04-08 23:58:07,466 : CRITICAL : Utility.baseClass : This is crtical message
 2022-04-08 23:58:07,466 : DEBUG : Utility.baseClass : This is debug statement
 2022-04-08 23:58:07,466 : DEBUG : Utility.baseClass : This is debug statement
 2022-04-08 23:58:07,466 : INFO : Utility.baseClass : This is info statement
 2022-04-08 23:58:07,466 : INFO : Utility.baseClass : This is info statement
 2022-04-08 23:58:07,466 : WARNING : Utility.baseClass : This is warning statement
 2022-04-08 23:58:07,466 : WARNING : Utility.baseClass : This is warning statement
 2022-04-08 23:58:07,466 : ERROR : Utility.baseClass : This is error message
 2022-04-08 23:58:07,466 : ERROR : Utility.baseClass : This is error message
 2022-04-08 23:58:07,466 : CRITICAL : Utility.baseClass : This is crtical message
 2022-04-08 23:58:07,466 : CRITICAL : Utility.baseClass : This is crtical message
 2022-04-08 23:58:07,466 : INFO : Utility.baseClass : ProtoCommerce
 2022-04-08 23:58:07,466 : INFO : Utility.baseClass : ProtoCommerce
 2022-04-08 23:59:16,014 : DEBUG : Utility.baseClass : This is debug statement
 2022-04-08 23:59:16,014 : INFO : Utility.baseClass : This is info statement
 2022-04-08 23:59:16,014 : WARNING : Utility.baseClass : This is warning statement
 2022-04-08 23:59:16,014 : ERROR : Utility.baseClass : This is error message
 2022-04-08 23:59:16,014 : CRITICAL : Utility.baseClass : This is crtical message
 2022-04-08 23:59:16,014 : DEBUG : Utility.baseClass : This is debug statement
 2022-04-08 23:59:16,014 : DEBUG : Utility.baseClass : This is debug statement
 2022-04-08 23:59:16,014 : INFO : Utility.baseClass : This is info statement
 2022-04-08 23:59:16,014 : INFO : Utility.baseClass : This is info statement
 2022-04-08 23:59:16,014 : WARNING : Utility.baseClass : This is warning statement
 2022-04-08 23:59:16,014 : WARNING : Utility.baseClass : This is warning statement
 2022-04-08 23:59:16,014 : ERROR : Utility.baseClass : This is error message
 2022-04-08 23:59:16,014 : ERROR : Utility.baseClass : This is error message
 2022-04-08 23:59:16,014 : CRITICAL : Utility.baseClass : This is crtical message
 2022-04-08 23:59:16,014 : CRITICAL : Utility.baseClass : This is crtical message
 2022-04-08 23:59:16,029 : INFO : Utility.baseClass : ProtoCommerce
 2022-04-08 23:59:16,029 : INFO : Utility.baseClass : ProtoCommerce
 2022-04-08 23:59:56,379 : DEBUG : Utility.baseClass : This is debug statement
 2022-04-08 23:59:56,379 : INFO : Utility.baseClass : This is info statement
 2022-04-08 23:59:56,379 : WARNING : Utility.baseClass : This is warning statement
 2022-04-08 23:59:56,379 : ERROR : Utility.baseClass : This is error message
 2022-04-08 23:59:56,379 : CRITICAL : Utility.baseClass : This is crtical message
 2022-04-08 23:59:56,383 : DEBUG : Utility.baseClass : This is debug statement
 2022-04-08 23:59:56,383 : DEBUG : Utility.baseClass : This is debug statement
 2022-04-08 23:59:56,384 : INFO : Utility.baseClass : This is info statement
 2022-04-08 23:59:56,384 : INFO : Utility.baseClass : This is info statement
 2022-04-08 23:59:56,384 : WARNING : Utility.baseClass : This is warning statement
 2022-04-08 23:59:56,384 : WARNING : Utility.baseClass : This is warning statement
 2022-04-08 23:59:56,385 : ERROR : Utility.baseClass : This is error message
 2022-04-08 23:59:56,385 : ERROR : Utility.baseClass : This is error message
 2022-04-08 23:59:56,385 : CRITICAL : Utility.baseClass : This is crtical message
 2022-04-08 23:59:56,385 : CRITICAL : Utility.baseClass : This is crtical message
 2022-04-08 23:59:56,398 : INFO : Utility.baseClass : ProtoCommerce
 2022-04-08 23:59:56,398 : INFO : Utility.baseClass : ProtoCommerce
